Running: fuse.exe -relaunch -intstyle "ise" -incremental -o "C:/Users/Usuario/Desktop/Arquitectura/procesador4/Procesador271016/ProcesadorMonociclo_TB_isim_beh.exe" -prj "C:/Users/Usuario/Desktop/Arquitectura/procesador4/Procesador271016/ProcesadorMonociclo_TB_beh.prj" "work.ProcesadorMonociclo_TB" 
ISim P.20131013 (signature 0x7708f090)
Number of CPUs detected in this system: 4
Turning on mult-threading, number of parallel sub-compilation jobs: 8 
Determining compilation order of HDL files
Starting static elaboration
Completed static elaboration
Compiling package standard
Compiling package std_logic_1164
Compiling package std_logic_arith
Compiling package std_logic_unsigned
Compiling package textio
Compiling package numeric_std
Compiling package std_logic_signed
Compiling architecture behavioral of entity nProgramCounter [nprogramcounter_default]
Compiling architecture behavioral of entity PC [pc_default]
Compiling architecture arq_sum32 of entity sumador_32b [sumador_32b_default]
Compiling architecture behavioral of entity Instruction_Memory [instruction_memory_default]
Compiling architecture arq_uc of entity ucontrol [ucontrol_default]
Compiling architecture behavioral of entity registerFile [registerfile_default]
Compiling architecture arq_seu32 of entity seu_32 [seu_32_default]
Compiling architecture behavioral of entity MUX_32 [mux_32_default]
Compiling architecture arq_alu of entity alu32 [alu32_default]
Compiling architecture behavioral of entity WM [wm_default]
Compiling architecture behavioral of entity PSR_Modifier [psr_modifier_default]
Compiling architecture arq_psr of entity psr [psr_default]
Compiling architecture behavioral of entity ProcesadorMonociclo [procesadormonociclo_default]
Compiling architecture behavior of entity procesadormonociclo_tb
Time Resolution for simulation is 1ps.
Waiting for 13 sub-compilation(s) to finish...
Compiled 34 VHDL Units
Built simulation executable C:/Users/Usuario/Desktop/Arquitectura/procesador4/Procesador271016/ProcesadorMonociclo_TB_isim_beh.exe
Fuse Memory Usage: 36380 KB
Fuse CPU Usage: 905 ms
