Command line:
   ProcesadorMonociclo_TB_isim_beh.exe
     -simmode  gui
     -simrunnum  0
     -socket  49910

Thu Oct 27 18:14:30 2016


 Elaboration Time: 0.0625 sec

 Current Memory Usage: 850.158 Meg

 Total Signals          : 88
 Total Nets             : 3816
 Total Signal Drivers   : 23
 Total Blocks           : 20
 Total Primitive Blocks : 18
 Total Processes        : 17
 Total Traceable Variables  : 16
 Total Scalar Nets and Variables : 4318
Total Line Count : 206

 Total Simulation Time: 0.09375 sec

 Current Memory Usage: 692.871 Meg

Thu Oct 27 18:27:50 2016

